= Host-specific information ====================================================
$> hostname; uname -msr
e3r4p17.42.fr
Darwin 15.5.0 x86_64
$> date
Thu Jul 21 18:27:25 CEST 2016
$> gcc --version
Configured with: --prefix=/Applications/Xcode.app/Contents/Developer/usr --with-gxx-include-dir=/usr/include/c++/4.2.1
Apple LLVM version 7.3.0 (clang-703.0.31)
Target: x86_64-apple-darwin15.5.0
Thread model: posix
InstalledDir: /Applications/Xcode.app/Contents/Developer/Toolchains/XcodeDefault.xctoolchain/usr/bin
$> clang --version
Apple LLVM version 7.3.0 (clang-703.0.31)
Target: x86_64-apple-darwin15.5.0
Thread model: posix
InstalledDir: /Applications/Xcode.app/Contents/Developer/Toolchains/XcodeDefault.xctoolchain/usr/bin

= User files collection ========================================================
Collecting user files from Vogsphere
Repository URL: auto-exam/2016/c-exam-beginner/practice-exam_20160721/emsimang3

= Git history ==================================================================
$> git -C /var/folders/xv/fbp_dkz55nbgynq11dgmqt_00000gq/T/tmpWDYhRY/user log --pretty='%H - %an, %ad : %s'
b21d53a78c9aab4a8a41d514b70625a52569033d - Excellent MSIMANGO, Thu Jul 21 18:26:56 2016 +0200 : [zem:wtc_]
87497920bb088d9fa5400c67d7d17bce6fc9f7b9 - Excellent MSIMANGO, Thu Jul 21 18:16:12 2016 +0200 : [zem:wtc_]
 
= Collected files ==========================================
$> ls -lAR /var/folders/xv/fbp_dkz55nbgynq11dgmqt_00000gq/T/tmpWDYhRY/user
total 8
-rw-r--r--  1 deepthought  deepthought  533 Jul 21 18:27 __GIT_HISTORY
drwxr-xr-x  3 deepthought  deepthought  102 Jul 21 18:27 fprime
drwxr-xr-x  3 deepthought  deepthought  102 Jul 21 18:27 ft_split

/var/folders/xv/fbp_dkz55nbgynq11dgmqt_00000gq/T/tmpWDYhRY/user/fprime:
total 8
-rwxr-xr-x  1 deepthought  deepthought  809 Jul 21 18:27 fprime.c

/var/folders/xv/fbp_dkz55nbgynq11dgmqt_00000gq/T/tmpWDYhRY/user/ft_split:
total 8
-rwxr-xr-x  1 deepthought  deepthought  2236 Jul 21 18:27 ft_split.c
 
= ft_split =====================================================================
$> clang -Wextra -Wall -Werror ft_split.c main.c -o user_exe 

= Test 1 ===================================================
$> ./grye2qjnvjqghfvwyg8bj57r ""
$> diff -U 3 user_output_test1 test1.output | cat -e

Diff OK :D
= Test 2 ===================================================
$> ./sz07jdrrn8rg719xpsbdyn6q " 	  "
$> diff -U 3 user_output_test2 test2.output | cat -e

Diff OK :D
= Test 3 ===================================================
$> ./7vgwpb6scq3ganlksujdk4ht "	 		
   
"
$> diff -U 3 user_output_test3 test3.output | cat -e

Diff OK :D
= Test 4 ===================================================
$> ./ai1e3exfj8xpxublciudcujk "a8Y4s"
$> diff -U 3 user_output_test4 test4.output | cat -e

Diff OK :D
= Test 5 ===================================================
$> ./acaxyufsmbttol7dta7j2ekg "r9O8kPNWL1QauFDM"
$> diff -U 3 user_output_test5 test5.output | cat -e

Diff OK :D
= Test 6 ===================================================
$> ./ydwkpuo0oua27kxtdlp0vo87 "	

M23V0NTUXweRgZ	 	  Wnsgh92YuVH1cSq 	  cC764YT3X89rj1lER

 
 
9bt4a    	
kSDtqZm7  
 "
$> diff -U 3 user_output_test6 test6.output | cat -e

Diff OK :D
= Test 7 ===================================================
$> ./idxddasj6ex1kq7t8i3xtxzd "Le8E7FbgRAXk NLrPvDWHh4HqRXe7fOW4wJY
	l7H4Wbu9qSU 
 		 tV9rHZjzB15apY   XacKJRfO4uWEdUDjh	 8WiTn 
		 ZABgcoq	 

		bQ1i 4qEb	  
  C0FKMUd3GB5L7P 
UYp9m4XJ 
	 
064mtOcMs
9QjAuU27s0WEG
	  	CHDRGeIVAp 

	  AvLbqf
	 	
 Td3VlPejYBqpyO"
$> diff -U 3 user_output_test7 test7.output | cat -e

Diff OK :D
= Test 8 ===================================================
$> ./gjbawjms4s2s59iq3t9deg17 " 	 imjNDz
   
62ahku4le		   uIwfxmRd1AKmPUp36fy
	kszY2WVCDitl6g3KG70S 
vZMIhb9qi0D	6SLsbRI3wpmNeh	
 
 UCiNKpZArBF	  

 75FC9uSRD  
 Bk7Xeyvhr 	kqM3JyUVm		


Zmp yGAFEV9Osvw3duR6	VC7TQIB   		UeJK7dusCpw	"
$> diff -U 3 user_output_test8 test8.output | cat -e

Diff OK :D
= Test 9 ===================================================
$> ./1c71qgyl5255en9e977axrqy "		  keHIUaXx7AFdCy8U3ozmy8ihbgDNakQw5qf3FQruLXOVnBbeswi	
 apClw9T7i1		 	
	qxL0MjK	 iB4n2qcAf  
	SVD4y2dAf	
	 
 m5rwGtLkXaFJAI 
		"
$> diff -U 3 user_output_test9 test9.output | cat -e

Diff OK :D
Grade: 1

= Final grade: 1 ===============================================================
