= Host-specific information ====================================================
$> hostname; uname -msr
e1r5p1.42.fr
Darwin 15.5.0 x86_64
$> date
Tue Jul 19 10:51:04 CEST 2016
$> gcc --version
Configured with: --prefix=/Applications/Xcode.app/Contents/Developer/usr --with-gxx-include-dir=/usr/include/c++/4.2.1
Apple LLVM version 7.3.0 (clang-703.0.31)
Target: x86_64-apple-darwin15.5.0
Thread model: posix
InstalledDir: /Applications/Xcode.app/Contents/Developer/Toolchains/XcodeDefault.xctoolchain/usr/bin
$> clang --version
Apple LLVM version 7.3.0 (clang-703.0.31)
Target: x86_64-apple-darwin15.5.0
Thread model: posix
InstalledDir: /Applications/Xcode.app/Contents/Developer/Toolchains/XcodeDefault.xctoolchain/usr/bin

= User files collection ========================================================
Collecting user files from Vogsphere
Repository URL: auto-exam/2016/c-exam-beginner/practice-exam_20160719/emsimang2

= Git history ==================================================================
$> git -C /var/folders/ky/myt6rsvd1rd5qtyq2vdslcq00000gq/T/tmpg7ybB9/user log --pretty='%H - %an, %ad : %s'
67c4a5b8e1cf6a89966a56618ccdac92a6b6fd40 - Excellent MSIMANGO, Tue Jul 19 10:50:15 2016 +0200 : [zem:wtc_]
 
= Collected files ==========================================
$> ls -lAR /var/folders/ky/myt6rsvd1rd5qtyq2vdslcq00000gq/T/tmpg7ybB9/user
total 8
-rw-r--r--  1 deepthought  deepthought  255 Jul 19 10:51 __GIT_HISTORY
drwxr-xr-x  3 deepthought  deepthought  102 Jul 19 10:51 sort_list

/var/folders/ky/myt6rsvd1rd5qtyq2vdslcq00000gq/T/tmpg7ybB9/user/sort_list:
total 8
-rw-r--r--  1 deepthought  deepthought  1269 Jul 19 10:51 sort_list.c
 
= sort_list ====================================================================
$> clang -Wextra -Wall -Werror sort_list.c main.c -o user_exe 

= Test 1 ===================================================
$> ./4r64ibuk8ay7skp6839se99r
$> diff -U 3 user_output_test1 test1.output | cat -e

Diff OK :D
Grade: 1

= Final grade: 1 ===============================================================
