= Host-specific information ====================================================
$> hostname; uname -msr
e1r2p1.42.fr
Darwin 15.6.0 x86_64
$> date
Fri Jul 22 17:38:01 CEST 2016
$> gcc --version
Configured with: --prefix=/Applications/Xcode.app/Contents/Developer/usr --with-gxx-include-dir=/usr/include/c++/4.2.1
Apple LLVM version 7.3.0 (clang-703.0.31)
Target: x86_64-apple-darwin15.6.0
Thread model: posix
InstalledDir: /Applications/Xcode.app/Contents/Developer/Toolchains/XcodeDefault.xctoolchain/usr/bin
$> clang --version
Apple LLVM version 7.3.0 (clang-703.0.31)
Target: x86_64-apple-darwin15.6.0
Thread model: posix
InstalledDir: /Applications/Xcode.app/Contents/Developer/Toolchains/XcodeDefault.xctoolchain/usr/bin

= User files collection ========================================================
Collecting user files from Vogsphere
Repository URL: auto-exam/2016/c-exam-beginner/practice-exam_20160722/emsimang

= Git history ==================================================================
$> git -C /var/folders/lf/m_fmdk8n2rsfnh7v2z7c6b5w0000gq/T/tmpooblHs/user log --pretty='%H - %an, %ad : %s'
11db0d8738f68f27ef819dfa7c5dd3f022aec7a9 - Excellent MSIMANGO, Fri Jul 22 17:37:44 2016 +0200 : [zem:wtc_]
f13c18d801574ed77fd48e4e2819365a4583bc2b - Excellent MSIMANGO, Fri Jul 22 17:20:16 2016 +0200 : [zem:wtc_]
 
= Collected files ==========================================
$> ls -lAR /var/folders/lf/m_fmdk8n2rsfnh7v2z7c6b5w0000gq/T/tmpooblHs/user
total 8
-rw-r--r--  1 deepthought  deepthought  533 Jul 22 17:38 __GIT_HISTORY
drwxr-xr-x  3 deepthought  deepthought  102 Jul 22 17:38 brainfuck
drwxr-xr-x  3 deepthought  deepthought  102 Jul 22 17:38 ft_itoa

/var/folders/lf/m_fmdk8n2rsfnh7v2z7c6b5w0000gq/T/tmpooblHs/user/brainfuck:
total 8
-rw-r--r--  1 deepthought  deepthought  1962 Jul 22 17:38 brainfuck.c

/var/folders/lf/m_fmdk8n2rsfnh7v2z7c6b5w0000gq/T/tmpooblHs/user/ft_itoa:
total 8
-rwxr-xr-x  1 deepthought  deepthought  1673 Jul 22 17:38 ft_itoa.c
 
= brainfuck ====================================================================
$> clang -Wextra -Wall -Werror brainfuck.c -o user_exe 

= Test 1 ===================================================
$> ./ej7fpexo0daxaedxns5t834b "++++++++++[>+++++++>++++++++++>+++>+<<<<-]>++.>+.+++++++..+++.>++.<<+++++++++++++++.>.+++.------.--------.>+.>."
$> diff -U 3 user_output_test1 test1.output | cat -e

Diff OK :D
= Test 2 ===================================================
$> ./u7zhsj0whh9buzam0tb0dbcg "+++++[>++sefs++[>++sef+dht+>+++++sfsfefijdgj<<-]>>>++efn<<<<-]>>esf-----sf---.>+++++.>."
$> diff -U 3 user_output_test2 test2.output | cat -e

Diff OK :D
= Test 3 ===================================================
$> ./a875wnzl5iph670o0ekbdsky "+>+++++++[>>>++++++++<<<<++++++++>-]+++++++++>>>+>>++++++++++[>++++++++++<-]>[>>+>+>+>+>+>+>+>>+>+>>+>+>+>+>>+>+>>+>+>+>>+>+>+>+>>>>>+>+>+>+>>+>+>+>>+>+>+>+>>+>+>+>>+>+>+>+>>+>+>>+>+>+>+>+>+>>>>+>+>>+>+>+>+<<<<<<<<<<<<<<<<<<<<<<<<<<<<<<<<<<<<<<<<<<<<<<<<<<<<<<<<<<<<<<<<<<<<<<<<<<-]<++++[>++++++++<-]>[>+>>>>>>>>+>>>+>>>>>+>>>+>>>>+>>>>>+>+>>+>>>>>+>>>>+>>>>>+>>>>+>>>>>+>>>+>>>>>>>+>+>+>>>+>>>>>+<<<<<<<<<<<<<<<<<<<<<<<<<<<<<<<<<<<<<<<<<<<<<<<<<<<<<<<<<<<<<<<<<<<<<<<<<<<-]+++++[>>>++>+++>+++>++>>+++>>++>>>>>>+++>>++>++>>+++>+>>>++++>->++>++>++>+++>++>>--->->+>>>++>++>>>>++>++++>++>>->++>>>++>->+++>+++>>+>+++>>>+++>++>+++>++>>>++>>++>++>>++>++>+++<<<<<<<<<<<<<<<<<<<<<<<<<<<<<<<<<<<<<<<<<<<<<<<<<<<<<<<<<<<<<<<<<<<<<<<<<-]>>-->+>+>+>-->+>>>+>++>>-->+>+>->>+>>>+>->+>>->++>-->-->++>->>>->++>++>+>>+>>+>>>+>->>>++>>>>++>++>>>>>+>>++>->+>++>>>>+++>>>+>>->+>->+<<<<<<<<<<<<<<<<<<<<<<<<<<<<<<<<<<<<<<<<<<<<<<<<<<<<<<<<<<<<<<<<<<<<<<<<<<<<<<<<[>>>>++++++++++[->[-]+>[-]<<[<<<<<.>>>>.>>>>.>.>.>.>.>.>.>.>.>.>.>.>.>.>.>.>.>.>.>.>.>.>.>.>.>.>.>.>.>>>.<<<<<<<<<<<<<<<<<<<<<<<<<<<<<<<<<<<<<<<.>>>>.>>>>.>.>.>.>.>.>.>.>.>.>.>.>.>.>.>.>>>>>>>>>>>>>>.>.>>.>.>.>.>.>.>.>.>.>.>.>.>.>.>.>.>.>.>.>.>.>.>.>.>.>.>.>.>.>.>.>.>.>.>.<<<<<<<<<<<<<<<<<<<<<<<<<<<<<<<<<<<<<<<<<<<<<<<<<<<<<<<<<<<<<<<<<<<<<<<<<<.>>>>-.>>>>.>.>.>.>.>.>.>.>.>.>.>.>.>.>.>.>.>.>.>.>.>.>.>.>.>.>.>.>>.>..<<<<<<<<<<<<<<<<<<<<<<<<<<<<<<<<-]>[<<<<<->[-]+>[-]<<[<.>>>>.>>>>.>.>.>.>.>.>.>.>.>.>.>.>.>.>.>.>.>.>.>.>.>.>.>.>.>.>.>.>.>>>.<<<<<<<<<<<<<<<<<<<<<<<<<<<<<<<<<<<<<<<.>>>>.>>>>.>.>.>.>.>.>.>.>.>.>.>.>.>.>.>.>>>>>>>>>>>>>>.>.>>.>.>.>.>.>.>.>.>.>.>.>.>.>.>.>.>.>.>.>.>.>.>.>.>.>.>.>.>.>.>.>.>.>.>.<<<<<<<<<<<<<<<<<<<<<<<<<<<<<<<<<<<<<<<<<<<<<<<<<<<<<<<<<<<<<<<<<<<<<<<<<<-.>>>>+++++++++.>>>>.>.>.>.>.>.>.>.>.>.>.>.>.>.>.>.>.>.>.>.>.>.>.>.>.>.>.>.>>.>..<<<<<<<<<<<<<<<<<<<<<<<<<<<<<<<<<<<<-]>[<<.>>>>.>>>>.>.>.>.>.>.>.>.>.>.>.>.>.>.>.>.>.>.>.>.>.>.>.>.>.>.>.>.>.>>>.<<<<<<<<<<<<<<<<<<<<<<<<<<<<<<<<<<<<<<<.>>>>.>>>>.>.>.>.>.>.>.>.>.>.>.>.>.>.>.>.>>>>>>>>>>>>>>.>.>>.>.>.>.>.>.>.>.>.>.>.>.>.>.>.>.>.>.>.>.>.>.>.>.>.>.>.>.>.>.>.>.>.>.>.<<<<<<<<<<<<<<<<<<<<<<<<<<<<<<<<<<<<<<<<<<<<<<<<<<<<<<<<<<<<<<<<<<<<<<+++++++++.>>>>.>.>.>.>.>.>.>.>.>.>.>.>.>.>.>.>.>.>.>.>.>.>.>.>.>.>.>.>>.>..<<<<<<<<<<<<<<<<<<<<<<<<<<<<<<<<<<<<->]<<+>>>>>->]<<]<<<<-]>>>>++++++++[->[-]+>[-]<<[<.>>>>.>.>.>.>.>.>.>.>.>.>.>.>.>.>.>.>.>.>.>.>.>.>.>.>.>.>.>.>.>>>.<<<<<<<<<<<<<<<<<<<<<<<<<<<<<<<<<<<.>>>>.>.>.>.>.>.>.>.>.>.>.>.>.>.>.>.>>>>>>>>>>>>>>.>.>>.>.>.>.>.>.>.>.>.>.>.>.>.>.>.>.>.>.>.>.>.>.>.>.>.>.>.>.>.>.>.>.>.>.>.<<<<<<<<<<<<<<<<<<<<<<<<<<<<<<<<<<<<<<<<<<<<<<<<<<<<<<<<<<<<<<<<<<<<<<-.>>>>.>.>.>.>.>.>.>.>.>.>.>.>.>.>.>.>.>.>.>.>.>.>.>.>.>.>.>.>>.>..<<<<<<<<<<<<<<<<<<<<<<<<<<<<<<<<-]>[<<.>>>>.>.>.>.>.>.>.>.>.>.>.>.>.>.>.>.>.>.>.>.>.>.>.>.>.>.>.>.>.>>>.<<<<<<<<<<<<<<<<<<<<<<<<<<<<<<<<<<<.>>>>.>.>.>.>.>.>.>.>.>.>.>.>.>.>.>.>>>>>>>>>>>>>>.>.>>.>.>.>.>.>.>.>.>.>.>.>.>.>.>.>.>.>.>.>.>.>.>.>.>.>.>.>.>.>.>.>.>.>.>.<<<<<<<<<<<<<<<<<<<<<<<<<<<<<<<<<<<<<<<<<<<<<<<<<<<<<<<<<<<<<<<<<<<<<<-.>>>>.>.>.>.>.>.>.>>.>.>.>.>.>.>.>.>.>.>.>.>.>.>.>.>.>.>.>.>>.>..<<<<<<<<<<<<<<<<<<<<<<<<<<<<<<<<->]<<]<.>>>>.>.>.>.>.>.>.>>.>.>.>.>.>.>.>.>.>.>.>.>.>.>.>.>.>.>.>.>.>>>.<<<<<<<<<<<<<<<<<<<<<<<<<<<<<<<<<<<.>>>>.>.>.>.>.>.>.>>.>.>.>.>.>.>.>.>>>>>>>>>>>>>>.>.>>.>.>.>.>.>.>.>.>.>.>.>.>.>.>.>.>.>.>.>.>.>.>.>.>.>.>.>.>.>.>.>.>.>.>.>.>.>.>.>.>.>.<<<<<<<<<<<<<<<<<<<<<<<<<<<<<<<<<<<<<<<<<<<<<<<<<<<<<<<<<<<<<<<<<<<<<<<<<.>.>.>.>.>.>.>.>.>.>.>.>.>.>.>.>.>.>.>.>.>.>.>.>.>.>.>.>>.>"
$> diff -U 3 user_output_test3 test3.output | cat -e

Diff OK :D
= Test 4 ===================================================
$> ./zjfzln33xr63yu3iwgeoztxd "+++++++++++>+>>>>++++++++++++++++++++++++++++++++++++++++++++>++++++++++++++++++++++++++++++++<<<<<<[>[>>>>>>+>+<<<<<<<-]>>>>>>>[<<<<<<<+>>>>>>>-]<[>++++++++++[-<-[>>+>+<<<-]>>>[<<<+>>>-]+<[>[-]<[-]]>[<<[>>>+<<<-]>>[-]]<<]>>>[>>+>+<<<-]>>>[<<<+>>>-]+<[>[-]<[-]]>[<<+>>[-]]<<<<<<<]>>>>>[++++++++++++++++++++++++++++++++++++++++++++++++.[-]]++++++++++<[->-<]>++++++++++++++++++++++++++++++++++++++++++++++++.[-]<<<<<<<<<<<<[>>>+>+<<<<-]>>>>[<<<<+>>>>-]<-[>>.>.<<<[-]]<<[>>+>+<<<-]>>>[<<<+>>>-]<<[<+>-]>[<+>-]<<<-]"
$> diff -U 3 user_output_test4 test4.output | cat -e

Diff OK :D
= Test 5 ===================================================
$> ./8xfyjyy9bukjn6xfrl75yy2d "++++++++++++++++++++++++++++++++++++++++++++++++++++.>++++++++++++++++++++++++++++++++++++++++++++++++++.>++++++++++."
$> diff -U 3 user_output_test5 test5.output | cat -e

Diff OK :D
Grade: 1

= Final grade: 1 ===============================================================
